 * Serving Flask app 'fc_diabetes'
 * Debug mode: on
rvice.
[2024-11-16 19:41:59,457] INFO: Current working directory: E:\Coding Project Files\Competition-Dev\TSDN-2024\MediSCope-V1
[2024-11-16 19:41:59,457] INFO: Model path: E:\Coding Project Files\Competition-Dev\TSDN-2024\MediSCope-V1\models\full_checkup\diabetes_models\svc_diabetes.joblib
[2024-11-16 19:41:59,457] INFO: Dataset path: E:\Coding Project Files\Competition-Dev\TSDN-2024\MediSCope-V1\model-notebook\datasets\full_checkup\diabetes-dataset.csv
[2024-11-16 19:41:59,457] INFO: Risk factors path: E:\Coding Project Files\Competition-Dev\TSDN-2024\MediSCope-V1\model-notebook\datasets\full_checkup\disease_riskFactors.csv
[2024-11-16 19:41:59,648] INFO: Model successfully loaded.
[2024-11-16 19:41:59,659] INFO: Dataset successfully loaded.
[2024-11-16 19:41:59,664] INFO: Dataset scaling completed.
[2024-11-16 19:41:59,666] INFO: Starting Flask app.
[2024-11-16 19:41:59,733] INFO: [31m[1mWARNING: This is a development server. Do not use it in a production deployment. Use a production WSGI server instead.[0m
 * Running on all addresses (0.0.0.0)
 * Running on http://127.0.0.1:5003
 * Running on http://192.168.20.2:5003
[2024-11-16 19:41:59,734] INFO: [33mPress CTRL+C to quit[0m
[2024-11-16 19:41:59,756] INFO:  * Restarting with watchdog (windowsapi)
[2024-11-16 19:42:02,823] INFO: Starting fc_diabetes service.
[2024-11-16 19:42:02,823] INFO: Current working directory: E:\Coding Project Files\Competition-Dev\TSDN-2024\MediSCope-V1
[2024-11-16 19:42:02,823] INFO: Model path: E:\Coding Project Files\Competition-Dev\TSDN-2024\MediSCope-V1\models\full_checkup\diabetes_models\svc_diabetes.joblib
[2024-11-16 19:42:02,823] INFO: Dataset path: E:\Coding Project Files\Competition-Dev\TSDN-2024\MediSCope-V1\model-notebook\datasets\full_checkup\diabetes-dataset.csv
[2024-11-16 19:42:02,824] INFO: Risk factors path: E:\Coding Project Files\Competition-Dev\TSDN-2024\MediSCope-V1\model-notebook\datasets\full_checkup\disease_riskFactors.csv
[2024-11-16 19:42:02,978] INFO: Model successfully loaded.
[2024-11-16 19:42:02,982] INFO: Dataset successfully loaded.
[2024-11-16 19:42:02,984] INFO: Dataset scaling completed.
[2024-11-16 19:42:02,985] INFO: Starting Flask app.
[2024-11-16 19:42:03,007] WARNING:  * Debugger is active!
[2024-11-16 19:42:03,014] INFO:  * Debugger PIN: 506-842-495
[2024-11-16 20:10:47,373] INFO: 127.0.0.1 - - [16/Nov/2024 20:10:47] "OPTIONS /fc-diabetes HTTP/1.1" 200 -
[2024-11-16 20:10:47,382] INFO: Received prediction request.
[2024-11-16 20:10:47,383] INFO: Input features: [24.0, 35.0, 20.0, 22.0]
[2024-11-16 20:10:47,393] INFO: Risk factors data successfully loaded.
[2024-11-16 20:10:47,394] INFO: Prediction result: Anda tidak berkemungkinan terkena Diabetes.
[2024-11-16 20:10:47,395] INFO: 127.0.0.1 - - [16/Nov/2024 20:10:47] "POST /fc-diabetes HTTP/1.1" 200 -
[2024-11-16 20:13:24,508] INFO: Received prediction request.
[2024-11-16 20:13:24,509] INFO: Input features: [22.0, 20.0, 20.0, 21.0]
[2024-11-16 20:13:24,522] INFO: Risk factors data successfully loaded.
[2024-11-16 20:13:24,523] INFO: Prediction result: Anda tidak berkemungkinan terkena Diabetes.
[2024-11-16 20:13:24,523] INFO: 127.0.0.1 - - [16/Nov/2024 20:13:24] "POST /fc-diabetes HTTP/1.1" 200 -
