 * Serving Flask app 'fc_stroke'
 * Debug mode: on
rvice.
[2024-11-13 15:31:10,918] INFO: Current working directory: E:\Coding Project Files\Competition-Dev\TSDN-2024\MediSCope-V1
[2024-11-13 15:31:11,858] INFO: Model loaded successfully from E:\Coding Project Files\Competition-Dev\TSDN-2024\MediSCope-V1\models\full_checkup\stroke_model.joblib
[2024-11-13 15:31:11,858] INFO: Starting Flask app for Stroke prediction.
[2024-11-13 15:31:11,884] INFO: [31m[1mWARNING: This is a development server. Do not use it in a production deployment. Use a production WSGI server instead.[0m
 * Running on all addresses (0.0.0.0)
 * Running on http://127.0.0.1:5001
 * Running on http://192.168.80.121:5001
[2024-11-13 15:31:11,884] INFO: [33mPress CTRL+C to quit[0m
[2024-11-13 15:31:11,894] INFO:  * Restarting with watchdog (windowsapi)
[2024-11-13 15:31:12,740] INFO: Starting fc_stroke service.
[2024-11-13 15:31:12,740] INFO: Current working directory: E:\Coding Project Files\Competition-Dev\TSDN-2024\MediSCope-V1
[2024-11-13 15:31:13,457] INFO: Model loaded successfully from E:\Coding Project Files\Competition-Dev\TSDN-2024\MediSCope-V1\models\full_checkup\stroke_model.joblib
[2024-11-13 15:31:13,457] INFO: Starting Flask app for Stroke prediction.
[2024-11-13 15:31:13,468] WARNING:  * Debugger is active!
[2024-11-13 15:31:13,470] INFO:  * Debugger PIN: 506-842-495
[2024-11-13 15:31:45,380] INFO: Received a stroke prediction request.
[2024-11-13 15:31:45,388] INFO: Risk factors data loaded successfully.
[2024-11-13 15:31:45,390] INFO: Prediction result: Anda tidak berkemungkinan terkena Stroke.
[2024-11-13 15:31:45,390] INFO: 127.0.0.1 - - [13/Nov/2024 15:31:45] "POST /fc-stroke HTTP/1.1" 200 -
