 * Serving Flask app 'quick_checkup'
 * Debug mode: on
WARNING: This is a development server. Do not use it in a production deployment. Use a production WSGI server instead.
 * Running on all addresses (0.0.0.0)
 * Running on http://127.0.0.1:5010
 * Running on http://192.168.80.121:5010
Press CTRL+C to quit
 * Restarting with watchdog (windowsapi)
 * Debugger is active!
 * Debugger PIN: 506-842-495
 * Detected change in 'C:\\Users\\Josia Given S\\.pyenv\\pyenv-win\\versions\\3.12.7\\Lib\\site-packages\\flask_cors\\__init__.py', reloading
 * Detected change in 'C:\\Users\\Josia Given S\\.pyenv\\pyenv-win\\versions\\3.12.7\\Lib\\site-packages\\flask_cors\\__init__.py', reloading
 * Detected change in 'C:\\Users\\Josia Given S\\.pyenv\\pyenv-win\\versions\\3.12.7\\Lib\\site-packages\\flask_cors\\core.py', reloading
 * Detected change in 'C:\\Users\\Josia Given S\\.pyenv\\pyenv-win\\versions\\3.12.7\\Lib\\site-packages\\flask_cors\\core.py', reloading
 * Detected change in 'C:\\Users\\Josia Given S\\.pyenv\\pyenv-win\\versions\\3.12.7\\Lib\\site-packages\\flask_cors\\decorator.py', reloading
 * Detected change in 'C:\\Users\\Josia Given S\\.pyenv\\pyenv-win\\versions\\3.12.7\\Lib\\site-packages\\flask_cors\\decorator.py', reloading
 * Detected change in 'C:\\Users\\Josia Given S\\.pyenv\\pyenv-win\\versions\\3.12.7\\Lib\\site-packages\\flask_cors\\extension.py', reloading
 * Detected change in 'C:\\Users\\Josia Given S\\.pyenv\\pyenv-win\\versions\\3.12.7\\Lib\\site-packages\\flask_cors\\extension.py', reloading
 * Detected change in 'C:\\Users\\Josia Given S\\.pyenv\\pyenv-win\\versions\\3.12.7\\Lib\\site-packages\\flask_cors\\extension.py', reloading
 * Detected change in 'C:\\Users\\Josia Given S\\.pyenv\\pyenv-win\\versions\\3.12.7\\Lib\\site-packages\\flask_cors\\version.py', reloading
 * Detected change in 'C:\\Users\\Josia Given S\\.pyenv\\pyenv-win\\versions\\3.12.7\\Lib\\site-packages\\flask_cors\\version.py', reloading
 * Restarting with watchdog (windowsapi)
 * Debugger is active!
 * Debugger PIN: 506-842-495
127.0.0.1 - - [15/Nov/2024 17:30:25] "POST /quick-checkup HTTP/1.1" 200 -
127.0.0.1 - - [15/Nov/2024 17:30:34] "OPTIONS /quick-checkup HTTP/1.1" 200 -
 * Detected change in 'E:\\Coding Project Files\\Competition-Dev\\TSDN-2024\\MediSCope-V1\\models_loader\\quick_checkup.py', reloading
 * Detected change in 'E:\\Coding Project Files\\Competition-Dev\\TSDN-2024\\MediSCope-V1\\models_loader\\quick_checkup.py', reloading
 * Restarting with watchdog (windowsapi)
 * Debugger is active!
 * Debugger PIN: 506-842-495
127.0.0.1 - - [15/Nov/2024 17:33:21] "POST /quick-checkup HTTP/1.1" 200 -
127.0.0.1 - - [15/Nov/2024 17:33:26] "OPTIONS /quick-checkup HTTP/1.1" 200 -
127.0.0.1 - - [15/Nov/2024 17:33:26] "POST /quick-checkup HTTP/1.1" 200 -
 * Detected change in 'E:\\Coding Project Files\\Competition-Dev\\TSDN-2024\\MediSCope-V1\\models_loader\\quick_checkup.py', reloading
 * Detected change in 'E:\\Coding Project Files\\Competition-Dev\\TSDN-2024\\MediSCope-V1\\models_loader\\quick_checkup.py', reloading
 * Restarting with watchdog (windowsapi)
 * Debugger is active!
 * Debugger PIN: 506-842-495
 * Detected change in 'E:\\Coding Project Files\\Competition-Dev\\TSDN-2024\\MediSCope-V1\\models_loader\\full_checkup.py', reloading
 * Detected change in 'E:\\Coding Project Files\\Competition-Dev\\TSDN-2024\\MediSCope-V1\\models_loader\\full_checkup.py', reloading
 * Restarting with watchdog (windowsapi)
 * Debugger is active!
 * Debugger PIN: 506-842-495
 * Detected change in 'E:\\Coding Project Files\\Competition-Dev\\TSDN-2024\\MediSCope-V1\\models_loader\\disease_loader\\fc_stroke.py', reloading
 * Detected change in 'E:\\Coding Project Files\\Competition-Dev\\TSDN-2024\\MediSCope-V1\\models_loader\\disease_loader\\fc_stroke.py', reloading
 * Detected change in 'E:\\Coding Project Files\\Competition-Dev\\TSDN-2024\\MediSCope-V1\\models_loader\\disease_loader\\fc_stroke.py', reloading
 * Restarting with watchdog (windowsapi)
 * Debugger is active!
 * Debugger PIN: 506-842-495
 * Detected change in 'E:\\Coding Project Files\\Competition-Dev\\TSDN-2024\\MediSCope-V1\\models_loader\\disease_loader\\fc_heartd.py', reloading
 * Detected change in 'E:\\Coding Project Files\\Competition-Dev\\TSDN-2024\\MediSCope-V1\\models_loader\\disease_loader\\fc_heartd.py', reloading
 * Detected change in 'E:\\Coding Project Files\\Competition-Dev\\TSDN-2024\\MediSCope-V1\\models_loader\\disease_loader\\fc_heartd.py', reloading
 * Restarting with watchdog (windowsapi)
 * Debugger is active!
 * Debugger PIN: 506-842-495
 * Detected change in 'E:\\Coding Project Files\\Competition-Dev\\TSDN-2024\\MediSCope-V1\\models_loader\\disease_loader\\fc_diabetes.py', reloading
 * Detected change in 'E:\\Coding Project Files\\Competition-Dev\\TSDN-2024\\MediSCope-V1\\models_loader\\disease_loader\\fc_diabetes.py', reloading
 * Detected change in 'E:\\Coding Project Files\\Competition-Dev\\TSDN-2024\\MediSCope-V1\\models_loader\\disease_loader\\fc_diabetes.py', reloading
 * Restarting with watchdog (windowsapi)
 * Debugger is active!
 * Debugger PIN: 506-842-495
 * Detected change in 'E:\\Coding Project Files\\Competition-Dev\\TSDN-2024\\MediSCope-V1\\models_loader\\disease_loader\\fc_diabetes.py', reloading
 * Detected change in 'E:\\Coding Project Files\\Competition-Dev\\TSDN-2024\\MediSCope-V1\\models_loader\\disease_loader\\fc_diabetes.py', reloading
 * Detected change in 'E:\\Coding Project Files\\Competition-Dev\\TSDN-2024\\MediSCope-V1\\models_loader\\disease_loader\\fc_diabetes.py', reloading
 * Restarting with watchdog (windowsapi)
 * Debugger is active!
 * Debugger PIN: 506-842-495
127.0.0.1 - - [15/Nov/2024 17:35:53] "OPTIONS /quick-checkup HTTP/1.1" 200 -
127.0.0.1 - - [15/Nov/2024 17:35:53] "POST /quick-checkup HTTP/1.1" 200 -
127.0.0.1 - - [15/Nov/2024 17:35:57] "POST /quick-checkup HTTP/1.1" 200 -
127.0.0.1 - - [15/Nov/2024 17:35:58] "POST /quick-checkup HTTP/1.1" 200 -
127.0.0.1 - - [15/Nov/2024 17:36:16] "OPTIONS /quick-checkup HTTP/1.1" 200 -
127.0.0.1 - - [15/Nov/2024 17:36:17] "POST /quick-checkup HTTP/1.1" 200 -
^C